<?xml version="1.0" encoding="UTF-8"?>
<testng-results skipped="0" failed="0" ignored="0" total="1" passed="1">
  <reporter-output>
  </reporter-output>
  <suite name="Default suite" duration-ms="52" started-at="2020-05-19T13:49:14 EDT" finished-at="2020-05-19T13:49:14 EDT">
    <groups>
    </groups>
    <test name="Default test" duration-ms="52" started-at="2020-05-19T13:49:14 EDT" finished-at="2020-05-19T13:49:14 EDT">
      <class name="com.syntax.test.TestNg">
        <test-method status="PASS" signature="hello()[pri:0, instance:com.syntax.test.TestNg@2b2948e2]" name="hello" duration-ms="9" started-at="2020-05-19T13:49:14 EDT" finished-at="2020-05-19T13:49:14 EDT">
          <reporter-output>
          </reporter-output>
        </test-method> <!-- hello -->
      </class> <!-- com.syntax.test.TestNg -->
    </test> <!-- Default test -->
  </suite> <!-- Default suite -->
</testng-results>
